<?xml version="1.0" encoding="UTF-8"?>
<testng-results ignored="0" total="1" passed="1" failed="0" skipped="0">
  <reporter-output>
  </reporter-output>
  <suite started-at="2024-01-28T10:22:00Z" name="EBankingProject_RefSDET_QA_Youtube" finished-at="2024-01-28T10:22:27Z" duration-ms="26780">
    <groups>
    </groups>
    <test started-at="2024-01-28T10:22:00Z" name="BankingApp Test" finished-at="2024-01-28T10:22:27Z" duration-ms="26780">
      <class name="com.inetbanking.testCases.TC_AddCustomerTest_003">
        <test-method is-config="true" signature="setup(java.lang.String)[pri:0, instance:com.inetbanking.testCases.TC_AddCustomerTest_003@dd0c991]" started-at="2024-01-28T15:52:01Z" name="setup" finished-at="2024-01-28T15:52:09Z" duration-ms="8345" status="PASS">
          <params>
            <param index="0">
              <value>
                <![CDATA[chrome]]>
              </value>
            </param>
          </params>
          <reporter-output>
          </reporter-output>
        </test-method> <!-- setup -->
        <test-method signature="createNewCustomer()[pri:0, instance:com.inetbanking.testCases.TC_AddCustomerTest_003@dd0c991]" started-at="2024-01-28T15:52:09Z" name="createNewCustomer" finished-at="2024-01-28T15:52:27Z" duration-ms="17354" status="PASS">
          <reporter-output>
          </reporter-output>
        </test-method> <!-- createNewCustomer -->
        <test-method is-config="true" signature="tearDown()[pri:0, instance:com.inetbanking.testCases.TC_AddCustomerTest_003@dd0c991]" started-at="2024-01-28T15:52:27Z" name="tearDown" finished-at="2024-01-28T15:52:27Z" duration-ms="333" status="PASS">
          <reporter-output>
          </reporter-output>
        </test-method> <!-- tearDown -->
      </class> <!-- com.inetbanking.testCases.TC_AddCustomerTest_003 -->
    </test> <!-- BankingApp Test -->
  </suite> <!-- EBankingProject_RefSDET_QA_Youtube -->
</testng-results>
